Traceback (most recent call last):
  File "/home/tjwocjf0915/workspace/NW_project/main.py", line 197, in <module>
    main()
  File "/home/tjwocjf0915/workspace/NW_project/main.py", line 162, in main
    asyncio.run(
  File "/usr/lib/python3.10/asyncio/runners.py", line 44, in run
    return loop.run_until_complete(main)
  File "/usr/lib/python3.10/asyncio/base_events.py", line 649, in run_until_complete
    return future.result()
  File "/home/tjwocjf0915/workspace/NW_project/nw_demo/system.py", line 123, in run_role
    await node.start()
  File "/home/tjwocjf0915/workspace/NW_project/nw_demo/host_simulator.py", line 33, in start
    await self.start_background()
  File "/home/tjwocjf0915/workspace/NW_project/nw_demo/base.py", line 49, in start_background
    self._server = await asyncio.start_server(self._handle_connection, self.listen_host, self.listen_port)
  File "/usr/lib/python3.10/asyncio/streams.py", line 85, in start_server
    return await loop.create_server(factory, host, port, **kwds)
  File "/usr/lib/python3.10/asyncio/base_events.py", line 1519, in create_server
    raise OSError(err.errno, 'error while attempting '
OSError: [Errno 98] error while attempting to bind on address ('127.0.0.1', 9101): address already in use
Traceback (most recent call last):
  File "/home/tjwocjf0915/workspace/NW_project/main.py", line 197, in <module>
    main()
  File "/home/tjwocjf0915/workspace/NW_project/main.py", line 162, in main
    asyncio.run(
  File "/usr/lib/python3.10/asyncio/runners.py", line 44, in run
    return loop.run_until_complete(main)
  File "/usr/lib/python3.10/asyncio/base_events.py", line 649, in run_until_complete
    return future.result()
  File "/home/tjwocjf0915/workspace/NW_project/nw_demo/system.py", line 123, in run_role
    await node.start()
  File "/home/tjwocjf0915/workspace/NW_project/nw_demo/base.py", line 46, in start
    await self.start_background()
  File "/home/tjwocjf0915/workspace/NW_project/nw_demo/base.py", line 49, in start_background
    self._server = await asyncio.start_server(self._handle_connection, self.listen_host, self.listen_port)
  File "/usr/lib/python3.10/asyncio/streams.py", line 85, in start_server
    return await loop.create_server(factory, host, port, **kwds)
  File "/usr/lib/python3.10/asyncio/base_events.py", line 1519, in create_server
    raise OSError(err.errno, 'error while attempting '
OSError: [Errno 98] error while attempting to bind on address ('127.0.0.1', 9105): address already in use
Traceback (most recent call last):
  File "/home/tjwocjf0915/workspace/NW_project/main.py", line 197, in <module>
    main()
  File "/home/tjwocjf0915/workspace/NW_project/main.py", line 162, in main
    asyncio.run(
  File "/usr/lib/python3.10/asyncio/runners.py", line 44, in run
    return loop.run_until_complete(main)
  File "/usr/lib/python3.10/asyncio/base_events.py", line 649, in run_until_complete
    return future.result()
  File "/home/tjwocjf0915/workspace/NW_project/nw_demo/system.py", line 123, in run_role
    await node.start()
  File "/home/tjwocjf0915/workspace/NW_project/nw_demo/base.py", line 46, in start
    await self.start_background()
  File "/home/tjwocjf0915/workspace/NW_project/nw_demo/base.py", line 49, in start_background
    self._server = await asyncio.start_server(self._handle_connection, self.listen_host, self.listen_port)
  File "/usr/lib/python3.10/asyncio/streams.py", line 85, in start_server
    return await loop.create_server(factory, host, port, **kwds)
  File "/usr/lib/python3.10/asyncio/base_events.py", line 1519, in create_server
    raise OSError(err.errno, 'error while attempting '
OSError: [Errno 98] error while attempting to bind on address ('127.0.0.1', 9104): address already in use
Traceback (most recent call last):
  File "/home/tjwocjf0915/workspace/NW_project/main.py", line 197, in <module>
    main()
  File "/home/tjwocjf0915/workspace/NW_project/main.py", line 162, in main
    asyncio.run(
  File "/usr/lib/python3.10/asyncio/runners.py", line 44, in run
    return loop.run_until_complete(main)
  File "/usr/lib/python3.10/asyncio/base_events.py", line 649, in run_until_complete
    return future.result()
  File "/home/tjwocjf0915/workspace/NW_project/nw_demo/system.py", line 123, in run_role
    await node.start()
  File "/home/tjwocjf0915/workspace/NW_project/nw_demo/base.py", line 46, in start
    await self.start_background()
  File "/home/tjwocjf0915/workspace/NW_project/nw_demo/base.py", line 49, in start_background
    self._server = await asyncio.start_server(self._handle_connection, self.listen_host, self.listen_port)
  File "/usr/lib/python3.10/asyncio/streams.py", line 85, in start_server
    return await loop.create_server(factory, host, port, **kwds)
  File "/usr/lib/python3.10/asyncio/base_events.py", line 1519, in create_server
    raise OSError(err.errno, 'error while attempting '
OSError: [Errno 98] error while attempting to bind on address ('127.0.0.1', 9103): address already in use
Traceback (most recent call last):
  File "/home/tjwocjf0915/workspace/NW_project/main.py", line 197, in <module>
    main()
  File "/home/tjwocjf0915/workspace/NW_project/main.py", line 162, in main
    asyncio.run(
  File "/usr/lib/python3.10/asyncio/runners.py", line 44, in run
    return loop.run_until_complete(main)
  File "/usr/lib/python3.10/asyncio/base_events.py", line 649, in run_until_complete
    return future.result()
  File "/home/tjwocjf0915/workspace/NW_project/nw_demo/system.py", line 123, in run_role
    await node.start()
  File "/home/tjwocjf0915/workspace/NW_project/nw_demo/local_agent.py", line 64, in start
    await self.start_background()
  File "/home/tjwocjf0915/workspace/NW_project/nw_demo/base.py", line 49, in start_background
    self._server = await asyncio.start_server(self._handle_connection, self.listen_host, self.listen_port)
  File "/usr/lib/python3.10/asyncio/streams.py", line 85, in start_server
    return await loop.create_server(factory, host, port, **kwds)
  File "/usr/lib/python3.10/asyncio/base_events.py", line 1519, in create_server
    raise OSError(err.errno, 'error while attempting '
OSError: [Errno 98] error while attempting to bind on address ('127.0.0.1', 9102): address already in use